{"C:\\Work\\cardsultimate\\cards-backend\\src\\core\\application\\services\\login.service.ts": {"path":"C:\\Work\\cardsultimate\\cards-backend\\src\\core\\application\\services\\login.service.ts","all":false,"statementMap":{"0":{"start":{"line":1,"column":0},"end":{"line":1,"column":95}},"1":{"start":{"line":2,"column":0},"end":{"line":2,"column":93}},"2":{"start":{"line":3,"column":0},"end":{"line":3,"column":88}},"3":{"start":{"line":4,"column":0},"end":{"line":4,"column":82}},"4":{"start":{"line":5,"column":0},"end":{"line":5,"column":0}},"5":{"start":{"line":6,"column":0},"end":{"line":6,"column":0}},"6":{"start":{"line":7,"column":0},"end":{"line":7,"column":60}},"7":{"start":{"line":8,"column":0},"end":{"line":8,"column":0}},"8":{"start":{"line":9,"column":0},"end":{"line":9,"column":13}},"9":{"start":{"line":10,"column":0},"end":{"line":10,"column":53}},"10":{"start":{"line":11,"column":0},"end":{"line":11,"column":50}},"11":{"start":{"line":12,"column":0},"end":{"line":12,"column":50}},"12":{"start":{"line":13,"column":0},"end":{"line":13,"column":5}},"13":{"start":{"line":14,"column":0},"end":{"line":14,"column":0}},"14":{"start":{"line":15,"column":0},"end":{"line":15,"column":99}},"15":{"start":{"line":16,"column":0},"end":{"line":16,"column":57}},"16":{"start":{"line":17,"column":0},"end":{"line":17,"column":47}},"17":{"start":{"line":18,"column":0},"end":{"line":18,"column":39}},"18":{"start":{"line":19,"column":0},"end":{"line":19,"column":58}},"19":{"start":{"line":20,"column":0},"end":{"line":20,"column":84}},"20":{"start":{"line":21,"column":0},"end":{"line":21,"column":63}},"21":{"start":{"line":22,"column":0},"end":{"line":22,"column":53}},"22":{"start":{"line":23,"column":0},"end":{"line":23,"column":56}},"23":{"start":{"line":24,"column":0},"end":{"line":24,"column":75}},"24":{"start":{"line":25,"column":0},"end":{"line":25,"column":46}},"25":{"start":{"line":26,"column":0},"end":{"line":26,"column":21}},"26":{"start":{"line":27,"column":0},"end":{"line":27,"column":10}},"27":{"start":{"line":28,"column":0},"end":{"line":28,"column":11}},"28":{"start":{"line":29,"column":0},"end":{"line":29,"column":22}},"29":{"start":{"line":30,"column":0},"end":{"line":30,"column":4}},"30":{"start":{"line":31,"column":0},"end":{"line":31,"column":2}},"31":{"start":{"line":32,"column":0},"end":{"line":32,"column":0}},"32":{"start":{"line":33,"column":0},"end":{"line":33,"column":54}},"33":{"start":{"line":34,"column":0},"end":{"line":34,"column":10}},"34":{"start":{"line":35,"column":0},"end":{"line":35,"column":22}},"35":{"start":{"line":36,"column":0},"end":{"line":36,"column":4}},"36":{"start":{"line":37,"column":0},"end":{"line":37,"column":2}},"37":{"start":{"line":38,"column":0},"end":{"line":38,"column":1}}},"s":{"0":1,"1":1,"2":1,"3":1,"4":1,"5":1,"6":1,"7":1,"8":1,"9":4,"10":4,"11":4,"12":4,"13":1,"14":1,"15":4,"16":4,"17":3,"18":4,"19":2,"20":4,"21":4,"22":4,"23":1,"24":1,"25":1,"26":1,"27":1,"28":1,"29":1,"30":1,"31":1,"32":1,"33":0,"34":0,"35":0,"36":0,"37":1},"branchMap":{"0":{"type":"branch","line":9,"loc":{"start":{"line":9,"column":1},"end":{"line":13,"column":5}},"locations":[{"start":{"line":9,"column":1},"end":{"line":13,"column":5}}]},"1":{"type":"branch","line":15,"loc":{"start":{"line":15,"column":1},"end":{"line":31,"column":2}},"locations":[{"start":{"line":15,"column":1},"end":{"line":31,"column":2}}]},"2":{"type":"branch","line":17,"loc":{"start":{"line":17,"column":13},"end":{"line":17,"column":47}},"locations":[{"start":{"line":17,"column":13},"end":{"line":17,"column":47}}]},"3":{"type":"branch","line":18,"loc":{"start":{"line":18,"column":-1},"end":{"line":19,"column":26}},"locations":[{"start":{"line":18,"column":-1},"end":{"line":19,"column":26}}]},"4":{"type":"branch","line":19,"loc":{"start":{"line":19,"column":20},"end":{"line":19,"column":58}},"locations":[{"start":{"line":19,"column":20},"end":{"line":19,"column":58}}]},"5":{"type":"branch","line":20,"loc":{"start":{"line":20,"column":-1},"end":{"line":21,"column":30}},"locations":[{"start":{"line":20,"column":-1},"end":{"line":21,"column":30}}]},"6":{"type":"branch","line":21,"loc":{"start":{"line":21,"column":24},"end":{"line":22,"column":25}},"locations":[{"start":{"line":21,"column":24},"end":{"line":22,"column":25}}]},"7":{"type":"branch","line":22,"loc":{"start":{"line":22,"column":19},"end":{"line":22,"column":53}},"locations":[{"start":{"line":22,"column":19},"end":{"line":22,"column":53}}]},"8":{"type":"branch","line":23,"loc":{"start":{"line":23,"column":-1},"end":{"line":23,"column":26}},"locations":[{"start":{"line":23,"column":-1},"end":{"line":23,"column":26}}]},"9":{"type":"branch","line":23,"loc":{"start":{"line":23,"column":20},"end":{"line":23,"column":56}},"locations":[{"start":{"line":23,"column":20},"end":{"line":23,"column":56}}]},"10":{"type":"branch","line":24,"loc":{"start":{"line":24,"column":-1},"end":{"line":31,"column":2}},"locations":[{"start":{"line":24,"column":-1},"end":{"line":31,"column":2}}]}},"b":{"0":[4],"1":[4],"2":[1],"3":[3],"4":[1],"5":[2],"6":[1],"7":[0],"8":[1],"9":[0],"10":[1]},"fnMap":{"0":{"name":"LoginService","decl":{"start":{"line":9,"column":1},"end":{"line":13,"column":5}},"loc":{"start":{"line":9,"column":1},"end":{"line":13,"column":5}},"line":9},"1":{"name":"login","decl":{"start":{"line":15,"column":1},"end":{"line":31,"column":2}},"loc":{"start":{"line":15,"column":1},"end":{"line":31,"column":2}},"line":15},"2":{"name":"disconnect","decl":{"start":{"line":33,"column":1},"end":{"line":37,"column":2}},"loc":{"start":{"line":33,"column":1},"end":{"line":37,"column":2}},"line":33}},"f":{"0":4,"1":4,"2":0}}
}
