TN:
SF:src\core\application\services\login.service.ts
FN:9,LoginService
FN:15,login
FN:33,disconnect
FNF:3
FNH:2
FNDA:4,LoginService
FNDA:4,login
FNDA:0,disconnect
DA:1,1
DA:2,1
DA:3,1
DA:4,1
DA:5,1
DA:6,1
DA:7,1
DA:8,1
DA:9,1
DA:10,4
DA:11,4
DA:12,4
DA:13,4
DA:14,1
DA:15,1
DA:16,4
DA:17,4
DA:18,3
DA:19,4
DA:20,2
DA:21,4
DA:22,4
DA:23,4
DA:24,1
DA:25,1
DA:26,1
DA:27,1
DA:28,1
DA:29,1
DA:30,1
DA:31,1
DA:32,1
DA:33,1
DA:34,0
DA:35,0
DA:36,0
DA:37,0
DA:38,1
LF:38
LH:34
BRDA:9,0,0,4
BRDA:15,1,0,4
BRDA:17,2,0,1
BRDA:18,3,0,3
BRDA:19,4,0,1
BRDA:20,5,0,2
BRDA:21,6,0,1
BRDA:22,7,0,0
BRDA:23,8,0,1
BRDA:23,9,0,0
BRDA:24,10,0,1
BRF:11
BRH:9
end_of_record
