TN:
SF:src\core\application\services\login.service.ts
FN:9,LoginService
FN:15,login
FN:32,disconnect
FNF:3
FNH:3
FNDA:10,LoginService
FNDA:1,login
FNDA:1,disconnect
DA:1,1
DA:2,1
DA:3,1
DA:4,1
DA:5,1
DA:6,1
DA:7,1
DA:8,1
DA:9,1
DA:10,10
DA:11,10
DA:12,10
DA:13,10
DA:14,1
DA:15,1
DA:16,1
DA:17,1
DA:18,1
DA:19,1
DA:20,1
DA:21,1
DA:22,1
DA:23,1
DA:24,1
DA:25,1
DA:26,1
DA:27,1
DA:28,1
DA:29,1
DA:30,1
DA:31,1
DA:32,1
DA:33,1
DA:34,1
DA:35,1
DA:36,1
DA:37,1
LF:37
LH:37
BRDA:9,0,0,10
BRDA:15,1,0,1
BRDA:17,2,0,0
BRDA:19,3,0,0
BRDA:21,4,0,0
BRDA:22,5,0,0
BRDA:23,6,0,0
BRDA:32,7,0,1
BRF:8
BRH:3
end_of_record
